# JRE version: OpenJDK Runtime Environment Temurin-17.0.11+9 (17.0.11+9) (build 17.0.11+9)
# Java VM: OpenJDK Client VM Temurin-17.0.11+9 (17.0.11+9, mixed mode, emulated-client, serial gc, windows-x86)
GC Precious Log:
 CPUs: 16 total, 16 available
 Memory: 24260M
 Large Page Support: Disabled
 NUMA Support: Disabled
 Compressed Oops: Disabled
 Heap Min Capacity: 6M
 Heap Initial Capacity: 16M
 Heap Max Capacity: 1536M
 Pre-touch: Disabled
Heap:
 def new generation   total 124800K, used 49072K [0x05600000, 0x0dd60000, 0x25600000)
  eden space 110976K,  40% used [0x05600000, 0x082256c0, 0x0c260000)
  from space 13824K,  27% used [0x0cfe0000, 0x0d3a69e8, 0x0dd60000)
  to   space 13824K,   0% used [0x0c260000, 0x0c260000, 0x0cfe0000)
 tenured generation   total 276116K, used 267692K [0x25600000, 0x363a5000, 0x65600000)
   the space 276116K,  96% used [0x25600000, 0x35b6b0c0, 0x35b6b200, 0x363a5000)
 Metaspace       used 97711K, committed 98304K, reserved 98304K
GC Heap History (20 events):
Event: 324.979 GC heap before
{Heap before GC invocations=209 (full 8):
 def new generation   total 124800K, used 124800K [0x05600000, 0x0dd60000, 0x25600000)
  eden space 110976K, 100% used [0x05600000, 0x0c260000, 0x0c260000)
  from space 13824K, 100% used [0x0cfe0000, 0x0dd60000, 0x0dd60000)
  to   space 13824K,   0% used [0x0c260000, 0x0c260000, 0x0cfe0000)
 tenured generation   total 276116K, used 178911K [0x25600000, 0x363a5000, 0x65600000)
   the space 276116K,  64% used [0x25600000, 0x304b7f50, 0x304b8000, 0x363a5000)
 Metaspace       used 88004K, committed 88512K, reserved 98304K
}
Event: 325.108 GC heap after
{Heap after GC invocations=210 (full 8):
 def new generation   total 124800K, used 13824K [0x05600000, 0x0dd60000, 0x25600000)
  eden space 110976K,   0% used [0x05600000, 0x05600000, 0x0c260000)
  from space 13824K, 100% used [0x0c260000, 0x0cfe0000, 0x0cfe0000)
  to   space 13824K,   0% used [0x0cfe0000, 0x0cfe0000, 0x0dd60000)
 tenured generation   total 276116K, used 205147K [0x25600000, 0x363a5000, 0x65600000)
   the space 276116K,  74% used [0x25600000, 0x31e56f50, 0x31e57000, 0x363a5000)
 Metaspace       used 88004K, committed 88512K, reserved 98304K
}
Event: 325.651 GC heap before
{Heap before GC invocations=210 (full 8):
 def new generation   total 124800K, used 124800K [0x05600000, 0x0dd60000, 0x25600000)
  eden space 110976K, 100% used [0x05600000, 0x0c260000, 0x0c260000)
  from space 13824K, 100% used [0x0c260000, 0x0cfe0000, 0x0cfe0000)
  to   space 13824K,   0% used [0x0cfe0000, 0x0cfe0000, 0x0dd60000)
 tenured generation   total 276116K, used 205147K [0x25600000, 0x363a5000, 0x65600000)
   the space 276116K,  74% used [0x25600000, 0x31e56f50, 0x31e57000, 0x363a5000)
 Metaspace       used 89530K, committed 90048K, reserved 98304K
}
Event: 325.713 GC heap after
{Heap after GC invocations=211 (full 8):
 def new generation   total 124800K, used 7711K [0x05600000, 0x0dd60000, 0x25600000)
  eden space 110976K,   0% used [0x05600000, 0x05600000, 0x0c260000)
  from space 13824K,  55% used [0x0cfe0000, 0x0d767f18, 0x0dd60000)
  to   space 13824K,   0% used [0x0c260000, 0x0c260000, 0x0cfe0000)
 tenured generation   total 276116K, used 218901K [0x25600000, 0x363a5000, 0x65600000)
   the space 276116K,  79% used [0x25600000, 0x32bc5560, 0x32bc5600, 0x363a5000)
 Metaspace       used 89530K, committed 90048K, reserved 98304K
}
Event: 326.121 GC heap before
{Heap before GC invocations=211 (full 8):
 def new generation   total 124800K, used 118527K [0x05600000, 0x0dd60000, 0x25600000)
  eden space 110976K,  99% used [0x05600000, 0x0c237ec8, 0x0c260000)
  from space 13824K,  55% used [0x0cfe0000, 0x0d767f18, 0x0dd60000)
  to   space 13824K,   0% used [0x0c260000, 0x0c260000, 0x0cfe0000)
 tenured generation   total 276116K, used 218901K [0x25600000, 0x363a5000, 0x65600000)
   the space 276116K,  79% used [0x25600000, 0x32bc5560, 0x32bc5600, 0x363a5000)
 Metaspace       used 90944K, committed 91456K, reserved 98304K
}
Event: 326.146 GC heap after
{Heap after GC invocations=212 (full 8):
 def new generation   total 124800K, used 10567K [0x05600000, 0x0dd60000, 0x25600000)
  eden space 110976K,   0% used [0x05600000, 0x05600000, 0x0c260000)
  from space 13824K,  76% used [0x0c260000, 0x0ccb1f30, 0x0cfe0000)
  to   space 13824K,   0% used [0x0cfe0000, 0x0cfe0000, 0x0dd60000)
 tenured generation   total 276116K, used 225397K [0x25600000, 0x363a5000, 0x65600000)
   the space 276116K,  81% used [0x25600000, 0x3321d488, 0x3321d600, 0x363a5000)
 Metaspace       used 90944K, committed 91456K, reserved 98304K
}
Event: 327.002 GC heap before
{Heap before GC invocations=212 (full 8):
 def new generation   total 124800K, used 121543K [0x05600000, 0x0dd60000, 0x25600000)
  eden space 110976K, 100% used [0x05600000, 0x0c260000, 0x0c260000)
  from space 13824K,  76% used [0x0c260000, 0x0ccb1f30, 0x0cfe0000)
  to   space 13824K,   0% used [0x0cfe0000, 0x0cfe0000, 0x0dd60000)
 tenured generation   total 276116K, used 225397K [0x25600000, 0x363a5000, 0x65600000)
   the space 276116K,  81% used [0x25600000, 0x3321d488, 0x3321d600, 0x363a5000)
 Metaspace       used 91923K, committed 92416K, reserved 98304K
}
Event: 327.045 GC heap after
{Heap after GC invocations=213 (full 8):
 def new generation   total 124800K, used 13824K [0x05600000, 0x0dd60000, 0x25600000)
  eden space 110976K,   0% used [0x05600000, 0x05600000, 0x0c260000)
  from space 13824K, 100% used [0x0cfe0000, 0x0dd60000, 0x0dd60000)
  to   space 13824K,   0% used [0x0c260000, 0x0c260000, 0x0cfe0000)
 tenured generation   total 276116K, used 229844K [0x25600000, 0x363a5000, 0x65600000)
   the space 276116K,  83% used [0x25600000, 0x336751e0, 0x33675200, 0x363a5000)
 Metaspace       used 91923K, committed 92416K, reserved 98304K
}
Event: 327.831 GC heap before
{Heap before GC invocations=213 (full 8):
 def new generation   total 124800K, used 124800K [0x05600000, 0x0dd60000, 0x25600000)
  eden space 110976K, 100% used [0x05600000, 0x0c260000, 0x0c260000)
  from space 13824K, 100% used [0x0cfe0000, 0x0dd60000, 0x0dd60000)
  to   space 13824K,   0% used [0x0c260000, 0x0c260000, 0x0cfe0000)
 tenured generation   total 276116K, used 229844K [0x25600000, 0x363a5000, 0x65600000)
   the space 276116K,  83% used [0x25600000, 0x336751e0, 0x33675200, 0x363a5000)
 Metaspace       used 93344K, committed 93952K, reserved 98304K
}
Event: 327.882 GC heap after
{Heap after GC invocations=214 (full 8):
 def new generation   total 124800K, used 10606K [0x05600000, 0x0dd60000, 0x25600000)
  eden space 110976K,   0% used [0x05600000, 0x05600000, 0x0c260000)
  from space 13824K,  76% used [0x0c260000, 0x0ccbbad8, 0x0cfe0000)
  to   space 13824K,   0% used [0x0cfe0000, 0x0cfe0000, 0x0dd60000)
 tenured generation   total 276116K, used 243544K [0x25600000, 0x363a5000, 0x65600000)
   the space 276116K,  88% used [0x25600000, 0x343d6100, 0x343d6200, 0x363a5000)
 Metaspace       used 93344K, committed 93952K, reserved 98304K
}
Event: 328.642 GC heap before
{Heap before GC invocations=214 (full 8):
 def new generation   total 124800K, used 121582K [0x05600000, 0x0dd60000, 0x25600000)
  eden space 110976K, 100% used [0x05600000, 0x0c260000, 0x0c260000)
  from space 13824K,  76% used [0x0c260000, 0x0ccbbad8, 0x0cfe0000)
  to   space 13824K,   0% used [0x0cfe0000, 0x0cfe0000, 0x0dd60000)
 tenured generation   total 276116K, used 243544K [0x25600000, 0x363a5000, 0x65600000)
   the space 276116K,  88% used [0x25600000, 0x343d6100, 0x343d6200, 0x363a5000)
 Metaspace       used 93925K, committed 94528K, reserved 98304K
}
Event: 328.685 GC heap after
{Heap after GC invocations=215 (full 8):
 def new generation   total 124800K, used 7642K [0x05600000, 0x0dd60000, 0x25600000)
  eden space 110976K,   0% used [0x05600000, 0x05600000, 0x0c260000)
  from space 13824K,  55% used [0x0cfe0000, 0x0d756918, 0x0dd60000)
  to   space 13824K,   0% used [0x0c260000, 0x0c260000, 0x0cfe0000)
 tenured generation   total 276116K, used 253934K [0x25600000, 0x363a5000, 0x65600000)
   the space 276116K,  91% used [0x25600000, 0x34dfbbe0, 0x34dfbc00, 0x363a5000)
 Metaspace       used 93925K, committed 94528K, reserved 98304K
}
Event: 329.550 GC heap before
{Heap before GC invocations=215 (full 8):
 def new generation   total 124800K, used 118618K [0x05600000, 0x0dd60000, 0x25600000)
  eden space 110976K, 100% used [0x05600000, 0x0c260000, 0x0c260000)
  from space 13824K,  55% used [0x0cfe0000, 0x0d756918, 0x0dd60000)
  to   space 13824K,   0% used [0x0c260000, 0x0c260000, 0x0cfe0000)
 tenured generation   total 276116K, used 253934K [0x25600000, 0x363a5000, 0x65600000)
   the space 276116K,  91% used [0x25600000, 0x34dfbbe0, 0x34dfbc00, 0x363a5000)
 Metaspace       used 94859K, committed 95488K, reserved 98304K
}
Event: 329.596 GC heap after
{Heap after GC invocations=216 (full 8):
 def new generation   total 124800K, used 10231K [0x05600000, 0x0dd60000, 0x25600000)
  eden space 110976K,   0% used [0x05600000, 0x05600000, 0x0c260000)
  from space 13824K,  74% used [0x0c260000, 0x0cc5de88, 0x0cfe0000)
  to   space 13824K,   0% used [0x0cfe0000, 0x0cfe0000, 0x0dd60000)
 tenured generation   total 276116K, used 258504K [0x25600000, 0x363a5000, 0x65600000)
   the space 276116K,  93% used [0x25600000, 0x35272220, 0x35272400, 0x363a5000)
 Metaspace       used 94859K, committed 95488K, reserved 98304K
}
Event: 329.978 GC heap before
{Heap before GC invocations=216 (full 8):
 def new generation   total 124800K, used 121207K [0x05600000, 0x0dd60000, 0x25600000)
  eden space 110976K, 100% used [0x05600000, 0x0c260000, 0x0c260000)
  from space 13824K,  74% used [0x0c260000, 0x0cc5de88, 0x0cfe0000)
  to   space 13824K,   0% used [0x0cfe0000, 0x0cfe0000, 0x0dd60000)
 tenured generation   total 276116K, used 258504K [0x25600000, 0x363a5000, 0x65600000)
   the space 276116K,  93% used [0x25600000, 0x35272220, 0x35272400, 0x363a5000)
 Metaspace       used 96062K, committed 96704K, reserved 98304K
}
Event: 330.007 GC heap after
{Heap after GC invocations=217 (full 8):
 def new generation   total 124800K, used 1993K [0x05600000, 0x0dd60000, 0x25600000)
  eden space 110976K,   0% used [0x05600000, 0x05600000, 0x0c260000)
  from space 13824K,  14% used [0x0cfe0000, 0x0d1d2438, 0x0dd60000)
  to   space 13824K,   0% used [0x0c260000, 0x0c260000, 0x0cfe0000)
 tenured generation   total 276116K, used 267692K [0x25600000, 0x363a5000, 0x65600000)
   the space 276116K,  96% used [0x25600000, 0x35b6b0c0, 0x35b6b200, 0x363a5000)
 Metaspace       used 96062K, committed 96704K, reserved 98304K
}
Event: 330.151 GC heap before
{Heap before GC invocations=217 (full 8):
 def new generation   total 124800K, used 112969K [0x05600000, 0x0dd60000, 0x25600000)
  eden space 110976K, 100% used [0x05600000, 0x0c260000, 0x0c260000)
  from space 13824K,  14% used [0x0cfe0000, 0x0d1d2438, 0x0dd60000)
  to   space 13824K,   0% used [0x0c260000, 0x0c260000, 0x0cfe0000)
 tenured generation   total 276116K, used 267692K [0x25600000, 0x363a5000, 0x65600000)
   the space 276116K,  96% used [0x25600000, 0x35b6b0c0, 0x35b6b200, 0x363a5000)
 Metaspace       used 96147K, committed 96768K, reserved 98304K
}
Event: 330.163 GC heap after
{Heap after GC invocations=218 (full 8):
 def new generation   total 124800K, used 2996K [0x05600000, 0x0dd60000, 0x25600000)
  eden space 110976K,   0% used [0x05600000, 0x05600000, 0x0c260000)
  from space 13824K,  21% used [0x0c260000, 0x0c54d1b0, 0x0cfe0000)
  to   space 13824K,   0% used [0x0cfe0000, 0x0cfe0000, 0x0dd60000)
 tenured generation   total 276116K, used 267692K [0x25600000, 0x363a5000, 0x65600000)
   the space 276116K,  96% used [0x25600000, 0x35b6b0c0, 0x35b6b200, 0x363a5000)
 Metaspace       used 96147K, committed 96768K, reserved 98304K
}
Event: 330.435 GC heap before
{Heap before GC invocations=218 (full 8):
 def new generation   total 124800K, used 113972K [0x05600000, 0x0dd60000, 0x25600000)
  eden space 110976K, 100% used [0x05600000, 0x0c260000, 0x0c260000)
  from space 13824K,  21% used [0x0c260000, 0x0c54d1b0, 0x0cfe0000)
  to   space 13824K,   0% used [0x0cfe0000, 0x0cfe0000, 0x0dd60000)
 tenured generation   total 276116K, used 267692K [0x25600000, 0x363a5000, 0x65600000)
   the space 276116K,  96% used [0x25600000, 0x35b6b0c0, 0x35b6b200, 0x363a5000)
 Metaspace       used 96645K, committed 97280K, reserved 98304K
}
Event: 330.449 GC heap after
{Heap after GC invocations=219 (full 8):
 def new generation   total 124800K, used 3866K [0x05600000, 0x0dd60000, 0x25600000)
  eden space 110976K,   0% used [0x05600000, 0x05600000, 0x0c260000)
  from space 13824K,  27% used [0x0cfe0000, 0x0d3a69e8, 0x0dd60000)
  to   space 13824K,   0% used [0x0c260000, 0x0c260000, 0x0cfe0000)
 tenured generation   total 276116K, used 267692K [0x25600000, 0x363a5000, 0x65600000)
   the space 276116K,  96% used [0x25600000, 0x35b6b0c0, 0x35b6b200, 0x363a5000)
 Metaspace       used 96645K, committed 97280K, reserved 98304K
}

