# JRE version: OpenJDK Runtime Environment Temurin-17.0.11+9 (17.0.11+9) (build 17.0.11+9)
# Java VM: OpenJDK Client VM Temurin-17.0.11+9 (17.0.11+9, mixed mode, emulated-client, serial gc, windows-x86)
GC Precious Log:
 CPUs: 16 total, 16 available
 Memory: 24260M
 Large Page Support: Disabled
 NUMA Support: Disabled
 Compressed Oops: Disabled
 Heap Min Capacity: 6M
 Heap Initial Capacity: 16M
 Heap Max Capacity: 1536M
 Pre-touch: Disabled
Heap:
 def new generation   total 227136K, used 108955K [0x05400000, 0x14a70000, 0x25400000)
  eden space 201920K,  52% used [0x05400000, 0x0bc338f0, 0x11930000)
  from space 25216K,   8% used [0x11930000, 0x11b635c8, 0x131d0000)
  to   space 25216K,   0% used [0x131d0000, 0x131d0000, 0x14a70000)
 tenured generation   total 502632K, used 314620K [0x25400000, 0x43eda000, 0x65400000)
   the space 502632K,  62% used [0x25400000, 0x3873f158, 0x3873f200, 0x43eda000)
 Metaspace       used 97640K, committed 98176K, reserved 98304K
GC Heap History (20 events):
Event: 69.506 GC heap before
{Heap before GC invocations=202 (full 7):
 def new generation   total 136320K, used 136320K [0x05400000, 0x0e7e0000, 0x25400000)
  eden space 121216K, 100% used [0x05400000, 0x0ca60000, 0x0ca60000)
  from space 15104K, 100% used [0x0d920000, 0x0e7e0000, 0x0e7e0000)
  to   space 15104K,   0% used [0x0ca60000, 0x0ca60000, 0x0d920000)
 tenured generation   total 300712K, used 191023K [0x25400000, 0x379aa000, 0x65400000)
   the space 300712K,  63% used [0x25400000, 0x30e8bff8, 0x30e8c000, 0x379aa000)
 Metaspace       used 87736K, committed 88256K, reserved 98304K
}
Event: 69.686 GC heap after
{Heap after GC invocations=203 (full 7):
 def new generation   total 136320K, used 15103K [0x05400000, 0x0e7e0000, 0x25400000)
  eden space 121216K,   0% used [0x05400000, 0x05400000, 0x0ca60000)
  from space 15104K,  99% used [0x0ca60000, 0x0d91fff8, 0x0d920000)
  to   space 15104K,   0% used [0x0d920000, 0x0d920000, 0x0e7e0000)
 tenured generation   total 300712K, used 217275K [0x25400000, 0x379aa000, 0x65400000)
   the space 300712K,  72% used [0x25400000, 0x3282ede0, 0x3282ee00, 0x379aa000)
 Metaspace       used 87736K, committed 88256K, reserved 98304K
}
Event: 70.240 GC heap before
{Heap before GC invocations=203 (full 7):
 def new generation   total 136320K, used 136315K [0x05400000, 0x0e7e0000, 0x25400000)
  eden space 121216K,  99% used [0x05400000, 0x0ca5ecf0, 0x0ca60000)
  from space 15104K,  99% used [0x0ca60000, 0x0d91fff8, 0x0d920000)
  to   space 15104K,   0% used [0x0d920000, 0x0d920000, 0x0e7e0000)
 tenured generation   total 300712K, used 217275K [0x25400000, 0x379aa000, 0x65400000)
   the space 300712K,  72% used [0x25400000, 0x3282ede0, 0x3282ee00, 0x379aa000)
 Metaspace       used 87736K, committed 88256K, reserved 98304K
}
Event: 70.390 GC heap after
{Heap after GC invocations=204 (full 7):
 def new generation   total 136320K, used 15103K [0x05400000, 0x0e7e0000, 0x25400000)
  eden space 121216K,   0% used [0x05400000, 0x05400000, 0x0ca60000)
  from space 15104K,  99% used [0x0d920000, 0x0e7dfff8, 0x0e7e0000)
  to   space 15104K,   0% used [0x0ca60000, 0x0ca60000, 0x0d920000)
 tenured generation   total 300712K, used 244857K [0x25400000, 0x379aa000, 0x65400000)
   the space 300712K,  81% used [0x25400000, 0x3431e490, 0x3431e600, 0x379aa000)
 Metaspace       used 87736K, committed 88256K, reserved 98304K
}
Event: 71.164 GC heap before
{Heap before GC invocations=204 (full 7):
 def new generation   total 136320K, used 136319K [0x05400000, 0x0e7e0000, 0x25400000)
  eden space 121216K, 100% used [0x05400000, 0x0ca60000, 0x0ca60000)
  from space 15104K,  99% used [0x0d920000, 0x0e7dfff8, 0x0e7e0000)
  to   space 15104K,   0% used [0x0ca60000, 0x0ca60000, 0x0d920000)
 tenured generation   total 300712K, used 244857K [0x25400000, 0x379aa000, 0x65400000)
   the space 300712K,  81% used [0x25400000, 0x3431e490, 0x3431e600, 0x379aa000)
 Metaspace       used 89161K, committed 89728K, reserved 98304K
}
Event: 71.289 GC heap after
{Heap after GC invocations=205 (full 7):
 def new generation   total 136320K, used 15104K [0x05400000, 0x0e7e0000, 0x25400000)
  eden space 121216K,   0% used [0x05400000, 0x05400000, 0x0ca60000)
  from space 15104K, 100% used [0x0ca60000, 0x0d920000, 0x0d920000)
  to   space 15104K,   0% used [0x0d920000, 0x0d920000, 0x0e7e0000)
 tenured generation   total 300712K, used 266852K [0x25400000, 0x379aa000, 0x65400000)
   the space 300712K,  88% used [0x25400000, 0x358990a0, 0x35899200, 0x379aa000)
 Metaspace       used 89161K, committed 89728K, reserved 98304K
}
Event: 71.491 GC heap before
{Heap before GC invocations=205 (full 7):
 def new generation   total 136320K, used 136320K [0x05400000, 0x0e7e0000, 0x25400000)
  eden space 121216K, 100% used [0x05400000, 0x0ca60000, 0x0ca60000)
  from space 15104K, 100% used [0x0ca60000, 0x0d920000, 0x0d920000)
  to   space 15104K,   0% used [0x0d920000, 0x0d920000, 0x0e7e0000)
 tenured generation   total 300712K, used 266852K [0x25400000, 0x379aa000, 0x65400000)
   the space 300712K,  88% used [0x25400000, 0x358990a0, 0x35899200, 0x379aa000)
 Metaspace       used 89214K, committed 89792K, reserved 98304K
}
Event: 71.541 GC heap after
{Heap after GC invocations=206 (full 7):
 def new generation   total 136320K, used 2852K [0x05400000, 0x0e7e0000, 0x25400000)
  eden space 121216K,   0% used [0x05400000, 0x05400000, 0x0ca60000)
  from space 15104K,  18% used [0x0d920000, 0x0dbe9060, 0x0e7e0000)
  to   space 15104K,   0% used [0x0ca60000, 0x0ca60000, 0x0d920000)
 tenured generation   total 300712K, used 281899K [0x25400000, 0x379aa000, 0x65400000)
   the space 300712K,  93% used [0x25400000, 0x3674afe0, 0x3674b000, 0x379aa000)
 Metaspace       used 89214K, committed 89792K, reserved 98304K
}
Event: 72.487 GC heap before
{Heap before GC invocations=206 (full 7):
 def new generation   total 136320K, used 124068K [0x05400000, 0x0e7e0000, 0x25400000)
  eden space 121216K, 100% used [0x05400000, 0x0ca60000, 0x0ca60000)
  from space 15104K,  18% used [0x0d920000, 0x0dbe9060, 0x0e7e0000)
  to   space 15104K,   0% used [0x0ca60000, 0x0ca60000, 0x0d920000)
 tenured generation   total 300712K, used 281899K [0x25400000, 0x379aa000, 0x65400000)
   the space 300712K,  93% used [0x25400000, 0x3674afe0, 0x3674b000, 0x379aa000)
 Metaspace       used 91599K, committed 92160K, reserved 98304K
}
Event: 72.526 GC heap after
{Heap after GC invocations=207 (full 7):
 def new generation   total 136320K, used 15104K [0x05400000, 0x0e7e0000, 0x25400000)
  eden space 121216K,   0% used [0x05400000, 0x05400000, 0x0ca60000)
  from space 15104K, 100% used [0x0ca60000, 0x0d920000, 0x0d920000)
  to   space 15104K,   0% used [0x0d920000, 0x0d920000, 0x0e7e0000)
 tenured generation   total 300712K, used 284400K [0x25400000, 0x379aa000, 0x65400000)
   the space 300712K,  94% used [0x25400000, 0x369bc000, 0x369bc000, 0x379aa000)
 Metaspace       used 91599K, committed 92160K, reserved 98304K
}
Event: 73.231 GC heap before
{Heap before GC invocations=207 (full 7):
 def new generation   total 136320K, used 136320K [0x05400000, 0x0e7e0000, 0x25400000)
  eden space 121216K, 100% used [0x05400000, 0x0ca60000, 0x0ca60000)
  from space 15104K, 100% used [0x0ca60000, 0x0d920000, 0x0d920000)
  to   space 15104K,   0% used [0x0d920000, 0x0d920000, 0x0e7e0000)
 tenured generation   total 300712K, used 284400K [0x25400000, 0x379aa000, 0x65400000)
   the space 300712K,  94% used [0x25400000, 0x369bc000, 0x369bc000, 0x379aa000)
 Metaspace       used 91612K, committed 92224K, reserved 98304K
}
Event: 73.297 GC heap after
{Heap after GC invocations=208 (full 7):
 def new generation   total 136320K, used 13383K [0x05400000, 0x0e7e0000, 0x25400000)
  eden space 121216K,   0% used [0x05400000, 0x05400000, 0x0ca60000)
  from space 15104K,  88% used [0x0d920000, 0x0e631e50, 0x0e7e0000)
  to   space 15104K,   0% used [0x0ca60000, 0x0ca60000, 0x0d920000)
 tenured generation   total 300712K, used 299256K [0x25400000, 0x379aa000, 0x65400000)
   the space 300712K,  99% used [0x25400000, 0x3783e328, 0x3783e400, 0x379aa000)
 Metaspace       used 91612K, committed 92224K, reserved 98304K
}
Event: 74.295 GC heap before
{Heap before GC invocations=208 (full 7):
 def new generation   total 136320K, used 134599K [0x05400000, 0x0e7e0000, 0x25400000)
  eden space 121216K, 100% used [0x05400000, 0x0ca60000, 0x0ca60000)
  from space 15104K,  88% used [0x0d920000, 0x0e631e50, 0x0e7e0000)
  to   space 15104K,   0% used [0x0ca60000, 0x0ca60000, 0x0d920000)
 tenured generation   total 300712K, used 299256K [0x25400000, 0x379aa000, 0x65400000)
   the space 300712K,  99% used [0x25400000, 0x3783e328, 0x3783e400, 0x379aa000)
 Metaspace       used 93477K, committed 94080K, reserved 98304K
}
Event: 74.357 GC heap after
{Heap after GC invocations=209 (full 7):
 def new generation   total 136320K, used 9256K [0x05400000, 0x0e7e0000, 0x25400000)
  eden space 121216K,   0% used [0x05400000, 0x05400000, 0x0ca60000)
  from space 15104K,  61% used [0x0ca60000, 0x0d36a2f8, 0x0d920000)
  to   space 15104K,   0% used [0x0d920000, 0x0d920000, 0x0e7e0000)
 tenured generation   total 312620K, used 312493K [0x25400000, 0x3854b000, 0x65400000)
   the space 312620K,  99% used [0x25400000, 0x3852b4b0, 0x3852b600, 0x3854b000)
 Metaspace       used 93477K, committed 94080K, reserved 98304K
}
Event: 74.357 GC heap before
{Heap before GC invocations=209 (full 7):
 def new generation   total 136320K, used 9256K [0x05400000, 0x0e7e0000, 0x25400000)
  eden space 121216K,   0% used [0x05400000, 0x05400000, 0x0ca60000)
  from space 15104K,  61% used [0x0ca60000, 0x0d36a2f8, 0x0d920000)
  to   space 15104K,   0% used [0x0d920000, 0x0d920000, 0x0e7e0000)
 tenured generation   total 312620K, used 312493K [0x25400000, 0x3854b000, 0x65400000)
   the space 312620K,  99% used [0x25400000, 0x3852b4b0, 0x3852b600, 0x3854b000)
 Metaspace       used 93477K, committed 94080K, reserved 98304K
}
Event: 75.059 GC heap after
{Heap after GC invocations=209 (full 8):
 def new generation   total 227136K, used 0K [0x05400000, 0x14a70000, 0x25400000)
  eden space 201920K,   0% used [0x05400000, 0x05400000, 0x11930000)
  from space 25216K,   0% used [0x11930000, 0x11930000, 0x131d0000)
  to   space 25216K,   0% used [0x131d0000, 0x131d0000, 0x14a70000)
 tenured generation   total 502632K, used 301578K [0x25400000, 0x43eda000, 0x65400000)
   the space 502632K,  59% used [0x25400000, 0x37a829c8, 0x37a82a00, 0x43eda000)
 Metaspace       used 93423K, committed 94080K, reserved 98304K
}
Event: 76.310 GC heap before
{Heap before GC invocations=209 (full 8):
 def new generation   total 227136K, used 201920K [0x05400000, 0x14a70000, 0x25400000)
  eden space 201920K, 100% used [0x05400000, 0x11930000, 0x11930000)
  from space 25216K,   0% used [0x11930000, 0x11930000, 0x131d0000)
  to   space 25216K,   0% used [0x131d0000, 0x131d0000, 0x14a70000)
 tenured generation   total 502632K, used 301578K [0x25400000, 0x43eda000, 0x65400000)
   the space 502632K,  59% used [0x25400000, 0x37a829c8, 0x37a82a00, 0x43eda000)
 Metaspace       used 95470K, committed 96064K, reserved 98304K
}
Event: 76.364 GC heap after
{Heap after GC invocations=210 (full 8):
 def new generation   total 227136K, used 13193K [0x05400000, 0x14a70000, 0x25400000)
  eden space 201920K,   0% used [0x05400000, 0x05400000, 0x11930000)
  from space 25216K,  52% used [0x131d0000, 0x13eb27c8, 0x14a70000)
  to   space 25216K,   0% used [0x11930000, 0x11930000, 0x131d0000)
 tenured generation   total 502632K, used 301578K [0x25400000, 0x43eda000, 0x65400000)
   the space 502632K,  59% used [0x25400000, 0x37a829c8, 0x37a82a00, 0x43eda000)
 Metaspace       used 95470K, committed 96064K, reserved 98304K
}
Event: 76.535 GC heap before
{Heap before GC invocations=210 (full 8):
 def new generation   total 227136K, used 215113K [0x05400000, 0x14a70000, 0x25400000)
  eden space 201920K, 100% used [0x05400000, 0x11930000, 0x11930000)
  from space 25216K,  52% used [0x131d0000, 0x13eb27c8, 0x14a70000)
  to   space 25216K,   0% used [0x11930000, 0x11930000, 0x131d0000)
 tenured generation   total 502632K, used 301578K [0x25400000, 0x43eda000, 0x65400000)
   the space 502632K,  59% used [0x25400000, 0x37a829c8, 0x37a82a00, 0x43eda000)
 Metaspace       used 95609K, committed 96192K, reserved 98304K
}
Event: 76.568 GC heap after
{Heap after GC invocations=211 (full 8):
 def new generation   total 227136K, used 2253K [0x05400000, 0x14a70000, 0x25400000)
  eden space 201920K,   0% used [0x05400000, 0x05400000, 0x11930000)
  from space 25216K,   8% used [0x11930000, 0x11b635c8, 0x131d0000)
  to   space 25216K,   0% used [0x131d0000, 0x131d0000, 0x14a70000)
 tenured generation   total 502632K, used 314620K [0x25400000, 0x43eda000, 0x65400000)
   the space 502632K,  62% used [0x25400000, 0x3873f158, 0x3873f200, 0x43eda000)
 Metaspace       used 95609K, committed 96192K, reserved 98304K
}

